Build started 01/29/2026 14:38:27.
     1>Project "/home/runner/work/microsoft-authentication-library-for-dotnet/microsoft-authentication-library-for-dotnet/tests/Microsoft.Identity.Test.Unit/PublicApiTests/MtlsPopTests.cs" on node 1 (Restore target(s)).
     1>/home/runner/work/microsoft-authentication-library-for-dotnet/microsoft-authentication-library-for-dotnet/tests/Microsoft.Identity.Test.Unit/PublicApiTests/MtlsPopTests.cs(1,1): error MSB4025: The project file could not be loaded. Data at the root level is invalid. Line 1, position 1.
     1>Done Building Project "/home/runner/work/microsoft-authentication-library-for-dotnet/microsoft-authentication-library-for-dotnet/tests/Microsoft.Identity.Test.Unit/PublicApiTests/MtlsPopTests.cs" (Restore target(s)) -- FAILED.

Build FAILED.

       "/home/runner/work/microsoft-authentication-library-for-dotnet/microsoft-authentication-library-for-dotnet/tests/Microsoft.Identity.Test.Unit/PublicApiTests/MtlsPopTests.cs" (Restore target) (1) ->
         /home/runner/work/microsoft-authentication-library-for-dotnet/microsoft-authentication-library-for-dotnet/tests/Microsoft.Identity.Test.Unit/PublicApiTests/MtlsPopTests.cs(1,1): error MSB4025: The project file could not be loaded. Data at the root level is invalid. Line 1, position 1.

    0 Warning(s)
    1 Error(s)

Time Elapsed 00:00:00.10
